d:\prog avancé 2\peggle pag\progii_e17_tp1_pierrealexandregarneau\peggle\x64\debug\peggle.pch
d:\prog avancé 2\peggle pag\progii_e17_tp1_pierrealexandregarneau\peggle\x64\debug\vc141.pdb
d:\prog avancé 2\peggle pag\progii_e17_tp1_pierrealexandregarneau\peggle\x64\debug\vc141.idb
d:\prog avancé 2\peggle pag\progii_e17_tp1_pierrealexandregarneau\peggle\x64\debug\stdafx.obj
d:\prog avancé 2\peggle pag\progii_e17_tp1_pierrealexandregarneau\peggle\x64\debug\background.obj
d:\prog avancé 2\peggle pag\progii_e17_tp1_pierrealexandregarneau\peggle\x64\debug\canon.obj
d:\prog avancé 2\peggle pag\progii_e17_tp1_pierrealexandregarneau\peggle\x64\debug\main.obj
d:\prog avancé 2\peggle pag\progii_e17_tp1_pierrealexandregarneau\peggle\x64\debug\balle.obj
d:\prog avancé 2\peggle pag\progii_e17_tp1_pierrealexandregarneau\peggle\x64\debug\peggle.obj
d:\prog avancé 2\peggle pag\progii_e17_tp1_pierrealexandregarneau\peggle\x64\debug\peggle.res
d:\prog avancé 2\peggle pag\progii_e17_tp1_pierrealexandregarneau\peggle\x64\debug\peggle1.res
d:\prog avancé 2\peggle pag\progii_e17_tp1_pierrealexandregarneau\x64\debug\peggle.pdb
d:\prog avancé 2\peggle pag\progii_e17_tp1_pierrealexandregarneau\x64\debug\peggle.exe
d:\prog avancé 2\peggle pag\progii_e17_tp1_pierrealexandregarneau\x64\debug\peggle.ilk
d:\prog avancé 2\peggle pag\progii_e17_tp1_pierrealexandregarneau\peggle\x64\debug\peggle.tlog\cl.command.1.tlog
d:\prog avancé 2\peggle pag\progii_e17_tp1_pierrealexandregarneau\peggle\x64\debug\peggle.tlog\cl.read.1.tlog
d:\prog avancé 2\peggle pag\progii_e17_tp1_pierrealexandregarneau\peggle\x64\debug\peggle.tlog\cl.write.1.tlog
d:\prog avancé 2\peggle pag\progii_e17_tp1_pierrealexandregarneau\peggle\x64\debug\peggle.tlog\link.command.1.tlog
d:\prog avancé 2\peggle pag\progii_e17_tp1_pierrealexandregarneau\peggle\x64\debug\peggle.tlog\link.read.1.tlog
d:\prog avancé 2\peggle pag\progii_e17_tp1_pierrealexandregarneau\peggle\x64\debug\peggle.tlog\link.write.1.tlog
d:\prog avancé 2\peggle pag\progii_e17_tp1_pierrealexandregarneau\peggle\x64\debug\peggle.tlog\rc.command.1.tlog
d:\prog avancé 2\peggle pag\progii_e17_tp1_pierrealexandregarneau\peggle\x64\debug\peggle.tlog\rc.read.1.tlog
d:\prog avancé 2\peggle pag\progii_e17_tp1_pierrealexandregarneau\peggle\x64\debug\peggle.tlog\rc.write.1.tlog
